build_locked/app-module/outputs/logs/manifest-merger-debug-report.txt
-- Merging decision tree log ---
manifest
ADDED from src\main\AndroidManifest.xml:2:1-27:12
INJECTED from src\main\AndroidManifest.xml:2:1-27:12
INJECTED from src\main\AndroidManifest.xml:2:1-27:12
INJECTED from src\main\AndroidManifest.xml:2:1-27:12
MERGED from [androidx.navigation:navigation-common:2.7.7] AndroidManifest.xml:17:1-22:12
MERGED from [androidx.navigation:navigation-runtime:2.7.7] AndroidManifest.xml:17:1-22:12
MERGED from [androidx.navigation:navigation-common-ktx:2.7.7] AndroidManifest.xml:2:1-7:12
MERGED from [androidx.navigation:navigation-runtime-ktx:2.7.7] AndroidManifest.xml:2:1-7:12
MERGED from [androidx.navigation:navigation-compose:2.7.7] AndroidManifest.xml:2:1-7:12
MERGED from [androidx.compose.material3:material3-android:1.4.0] AndroidManifest.xml:17:1-22:12
MERGED from [androidx.navigationevent:navigationevent-android:1.0.0] AndroidManifest.xml:2:1-7:12
MERGED from [androidx.navigationevent:navigationevent-compose-android:1.0.0] AndroidManifest.xml:2:1-7:12
MERGED from [androidx.compose.material:material-icons-extended-android:1.7.0] AndroidManifest.xml:2:1-7:12
MERGED from [androidx.compose.material:material-ripple-android:1.8.1] AndroidManifest.xml:2:1-7:12
MERGED from [androidx.compose.ui:ui-tooling-data-android:1.9.2] AndroidManifest.xml:2:1-7:12
MERGED from [androidx.compose.ui:ui-tooling-preview-android:1.9.2] AndroidManifest.xml:17:1-22:12
MERGED from [io.coil-kt:coil-compose:2.4.0] AndroidManifest.xml:2:1-7:12
MERGED from [io.coil-kt:coil-compose-base:2.4.0] AndroidManifest.xml:2:1-7:12
MERGED from [androidx.compose.foundation:foundation-android:1.9.2] AndroidManifest.xml:2:1-7:12
MERGED from [androidx.compose.foundation:foundation-layout-android:1.9.2] AndroidManifest.xml:2:1-7:12
MERGED from [androidx.compose.animation:animation-core-android:1.9.2] AndroidManifest.xml:2:1-7:12
MERGED from [androidx.compose.animation:animation-android:1.9.2] AndroidManifest.xml:2:1-7:12
MERGED from [androidx.compose.ui:ui-geometry-android:1.9.2] AndroidManifest.xml:2:1-7:12
MERGED from [androidx.compose.ui:ui-util-android:1.9.2] AndroidManifest.xml:2:1-7:12
MERGED from [androidx.compose.ui:ui-unit-android:1.9.2] AndroidManifest.xml:2:1-7:12
MERGED from [androidx.compose.ui:ui-text-android:1.9.2] AndroidManifest.xml:2:1-7:12
MERGED from [androidx.compose.ui:ui-graphics-android:1.9.2] AndroidManifest.xml:2:1-7:12
MERGED from [androidx.compose.ui:ui-test-manifest:1.9.2] AndroidManifest.xml:17:1-29:12
MERGED from [androidx.compose.ui:ui-tooling-android:1.9.2] AndroidManifest.xml:17:1-28:12
MERGED from [androidx.compose.material:material-android:1.7.0] AndroidManifest.xml:2:1-7:12
MERGED from [androidx.compose.material:material-icons-core-android:1.7.0] AndroidManifest.xml:2:1-7:12
MERGED from [com.google.accompanist:accompanist-drawablepainter:0.30.1] AndroidManifest.xml:17:1-25:12
MERGED from [androidx.constraintlayout:constraintlayout:2.2.1] AndroidManifest.xml:2:1-9:12
MERGED from [io.coil-kt:coil:2.4.0] AndroidManifest.xml:2:1-7:12
MERGED from [io.coil-kt:coil-base:2.4.0] AndroidManifest.xml:2:1-7:12
MERGED from [androidx.appcompat:appcompat:1.6.1] AndroidManifest.xml:17:1-22:12
MERGED from [androidx.appcompat:appcompat-resources:1.6.1] AndroidManifest.xml:17:1-22:12
MERGED from [androidx.vectordrawable:vectordrawable-animated:1.1.0] AndroidManifest.xml:17:1-24:12
MERGED from [androidx.vectordrawable:vectordrawable:1.1.0] AndroidManifest.xml:17:1-24:12
MERGED from [androidx.autofill:autofill:1.0.0] AndroidManifest.xml:17:1-24:12
MERGED from [androidx.drawerlayout:drawerlayout:1.0.0] AndroidManifest.xml:17:1-22:12
MERGED from [androidx.fragment:fragment:1.3.6] AndroidManifest.xml:17:1-24:12
MERGED from [androidx.viewpager:viewpager:1.0.0] AndroidManifest.xml:17:1-22:12
MERGED from [androidx.customview:customview:1.0.0] AndroidManifest.xml:17:1-22:12
MERGED from [androidx.loader:loader:1.0.0] AndroidManifest.xml:17:1-22:12
MERGED from [androidx.graphics:graphics-path:1.0.1] AndroidManifest.xml:2:1-7:12
MERGED from [androidx.emoji2:emoji2-views-helper:1.4.0] AndroidManifest.xml:2:1-7:12
MERGED from [androidx.emoji2:emoji2:1.4.0] AndroidManifest.xml:17:1-35:12
MERGED from [androidx.core:core:1.18.0] AndroidManifest.xml:17:1-30:12
MERGED from [androidx.lifecycle:lifecycle-livedata-core-ktx:2.10.0] AndroidManifest.xml:2:1-7:12
MERGED from [androidx.lifecycle:lifecycle-process:2.10.0] AndroidManifest.xml:17:1-35:12
MERGED from [androidx.lifecycle:lifecycle-livedata:2.10.0] AndroidManifest.xml:17:1-22:12
MERGED from [androidx.lifecycle:lifecycle-livedata-core:2.10.0] AndroidManifest.xml:17:1-22:12
MERGED from [androidx.lifecycle:lifecycle-viewmodel-savedstate-android:2.10.0] AndroidManifest.xml:17:1-22:12
MERGED from [androidx.lifecycle:lifecycle-viewmodel:2.10.0] AndroidManifest.xml:2:1-5:12
MERGED from [androidx.lifecycle:lifecycle-viewmodel-android:2.10.0] AndroidManifest.xml:17:1-22:12
MERGED from [androidx.compose.runtime:runtime-annotation-android:1.9.2] AndroidManifest.xml:2:1-7:12
MERGED from [androidx.savedstate:savedstate-ktx:1.4.0] AndroidManifest.xml:2:1-7:12
MERGED from [androidx.savedstate:savedstate-android:1.4.0] AndroidManifest.xml:17:1-22:12
MERGED from [androidx.savedstate:savedstate-compose-android:1.4.0] AndroidManifest.xml:2:1-7:12
MERGED from [androidx.compose.runtime:runtime-android:1.9.2] AndroidManifest.xml:2:1-7:12
MERGED from [androidx.compose.runtime:runtime-saveable-android:1.9.2] AndroidManifest.xml:2:1-7:12
MERGED from [androidx.lifecycle:lifecycle-runtime-compose-android:2.10.0] AndroidManifest.xml:2:1-7:12
MERGED from [androidx.lifecycle:lifecycle-runtime-android:2.10.0] AndroidManifest.xml:17:1-22:12
MERGED from [androidx.lifecycle:lifecycle-viewmodel-ktx:2.10.0] AndroidManifest.xml:2:1-7:12
MERGED from [androidx.lifecycle:lifecycle-runtime-ktx-android:2.10.0] AndroidManifest.xml:2:1-7:12
MERGED from [androidx.lifecycle:lifecycle-viewmodel-compose-android:2.10.0] AndroidManifest.xml:2:1-7:12
MERGED from [androidx.compose.ui:ui-android:1.9.2] AndroidManifest.xml:2:1-7:12
MERGED from [androidx.activity:activity-ktx:1.13.0] AndroidManifest.xml:2:1-7:12
MERGED from [androidx.activity:activity:1.13.0] AndroidManifest.xml:17:1-22:12
MERGED from [androidx.activity:activity-compose:1.13.0] AndroidManifest.xml:2:1-7:12
MERGED from [androidx.customview:customview-poolingcontainer:1.0.0] AndroidManifest.xml:17:1-23:12
MERGED from [androidx.core:core-ktx:1.18.0] AndroidManifest.xml:2:1-7:12
MERGED from [androidx.annotation:annotation-experimental:1.4.1] AndroidManifest.xml:2:1-7:12
MERGED from [androidx.core:core-viewtree:1.0.0] AndroidManifest.xml:2:1-7:12
MERGED from [androidx.profileinstaller:profileinstaller:1.4.0] AndroidManifest.xml:17:1-55:12
MERGED from [androidx.interpolator:interpolator:1.0.0] AndroidManifest.xml:17:1-22:12
MERGED from [androidx.startup:startup-runtime:1.1.1] AndroidManifest.xml:17:1-33:12
MERGED from [androidx.tracing:tracing:1.2.0] AndroidManifest.xml:17:1-22:12
MERGED from [androidx.versionedparcelable:versionedparcelable:1.1.1] AndroidManifest.xml:17:1-27:12
MERGED from [androidx.exifinterface:exifinterface:1.3.6] AndroidManifest.xml:17:1-24:12
MERGED from [androidx.arch.core:core-runtime:2.2.0] AndroidManifest.xml:17:1-22:12
MERGED from [androidx.cursoradapter:cursoradapter:1.0.0] AndroidManifest.xml:17:1-22:12
	package
		INJECTED from src\main\AndroidManifest.xml
	android:versionName
		INJECTED from src\main\AndroidManifest.xml
	android:versionCode
		INJECTED from src\main\AndroidManifest.xml
	xmlns:android
		ADDED from src\main\AndroidManifest.xml:2:11-69
uses-permission#android.permission.INTERNET
ADDED from src\main\AndroidManifest.xml:5:5-67
	android:name
		ADDED from src\main\AndroidManifest.xml:5:22-64
uses-permission#android.permission.ACCESS_NETWORK_STATE
ADDED from src\main\AndroidManifest.xml:6:5-79
	android:name
		ADDED from src\main\AndroidManifest.xml:6:22-76
uses-permission#android.permission.RECORD_AUDIO
ADDED from src\main\AndroidManifest.xml:7:5-71
	android:name
		ADDED from src\main\AndroidManifest.xml:7:22-68
application
ADDED from src\main\AndroidManifest.xml:9:5-25:19
INJECTED from src\main\AndroidManifest.xml:9:5-25:19
MERGED from [androidx.compose.ui:ui-test-manifest:1.9.2] AndroidManifest.xml:22:5-27:19
MERGED from [androidx.compose.ui:ui-test-manifest:1.9.2] AndroidManifest.xml:22:5-27:19
MERGED from [androidx.compose.ui:ui-tooling-android:1.9.2] AndroidManifest.xml:22:5-26:19
MERGED from [androidx.compose.ui:ui-tooling-android:1.9.2] AndroidManifest.xml:22:5-26:19
MERGED from [androidx.constraintlayout:constraintlayout:2.2.1] AndroidManifest.xml:7:5-20
MERGED from [androidx.constraintlayout:constraintlayout:2.2.1] AndroidManifest.xml:7:5-20
MERGED from [androidx.emoji2:emoji2:1.4.0] AndroidManifest.xml:23:5-33:19
MERGED from [androidx.emoji2:emoji2:1.4.0] AndroidManifest.xml:23:5-33:19
MERGED from [androidx.core:core:1.18.0] AndroidManifest.xml:28:5-89
MERGED from [androidx.core:core:1.18.0] AndroidManifest.xml:28:5-89
MERGED from [androidx.lifecycle:lifecycle-process:2.10.0] AndroidManifest.xml:23:5-33:19
MERGED from [androidx.lifecycle:lifecycle-process:2.10.0] AndroidManifest.xml:23:5-33:19
MERGED from [androidx.profileinstaller:profileinstaller:1.4.0] AndroidManifest.xml:23:5-53:19
MERGED from [androidx.profileinstaller:profileinstaller:1.4.0] AndroidManifest.xml:23:5-53:19
MERGED from [androidx.startup:startup-runtime:1.1.1] AndroidManifest.xml:25:5-31:19
MERGED from [androidx.startup:startup-runtime:1.1.1] AndroidManifest.xml:25:5-31:19
MERGED from [androidx.versionedparcelable:versionedparcelable:1.1.1] AndroidManifest.xml:24:5-25:19
MERGED from [androidx.versionedparcelable:versionedparcelable:1.1.1] AndroidManifest.xml:24:5-25:19
	android:extractNativeLibs
		INJECTED from src\main\AndroidManifest.xml
	android:appComponentFactory
		ADDED from [androidx.core:core:1.18.0] AndroidManifest.xml:28:18-86
	android:supportsRtl
		ADDED from src\main\AndroidManifest.xml:14:9-35
	android:label
		ADDED from src\main\AndroidManifest.xml:12:9-41
	android:roundIcon
		ADDED from src\main\AndroidManifest.xml:13:9-54
	android:icon
		ADDED from src\main\AndroidManifest.xml:11:9-43
	android:allowBackup
		ADDED from src\main\AndroidManifest.xml:10:9-35
	android:theme
		ADDED from src\main\AndroidManifest.xml:15:9-45
	android:usesCleartextTraffic
		ADDED from src\main\AndroidManifest.xml:16:9-44
activity#com.thinh.aistudybuddy.MainActivity
ADDED from src\main\AndroidManifest.xml:16:46-24:16
	android:exported
		ADDED from src\main\AndroidManifest.xml:18:9-32
	android:theme
		ADDED from src\main\AndroidManifest.xml:19:9-45
	android:name
		ADDED from src\main\AndroidManifest.xml:17:9-37
intent-filter#action:name:android.intent.action.MAIN+category:name:android.intent.category.LAUNCHER
ADDED from src\main\AndroidManifest.xml:20:9-23:25
action#android.intent.action.MAIN
ADDED from src\main\AndroidManifest.xml:21:13-65
	android:name
		ADDED from src\main\AndroidManifest.xml:21:21-62
category#android.intent.category.LAUNCHER
ADDED from src\main\AndroidManifest.xml:22:13-73
	android:name
		ADDED from src\main\AndroidManifest.xml:22:23-70
uses-sdk
INJECTED from src\main\AndroidManifest.xml reason: use-sdk injection requested
INJECTED from src\main\AndroidManifest.xml
INJECTED from src\main\AndroidManifest.xml
MERGED from [androidx.navigation:navigation-common:2.7.7] AndroidManifest.xml:20:5-44
MERGED from [androidx.navigation:navigation-common:2.7.7] AndroidManifest.xml:20:5-44
MERGED from [androidx.navigation:navigation-runtime:2.7.7] AndroidManifest.xml:20:5-44
MERGED from [androidx.navigation:navigation-runtime:2.7.7] AndroidManifest.xml:20:5-44
MERGED from [androidx.navigation:navigation-common-ktx:2.7.7] AndroidManifest.xml:5:5-44
MERGED from [androidx.navigation:navigation-common-ktx:2.7.7] AndroidManifest.xml:5:5-44
MERGED from [androidx.navigation:navigation-runtime-ktx:2.7.7] AndroidManifest.xml:5:5-44
MERGED from [androidx.navigation:navigation-runtime-ktx:2.7.7] AndroidManifest.xml:5:5-44
MERGED from [androidx.navigation:navigation-compose:2.7.7] AndroidManifest.xml:5:5-44
MERGED from [androidx.navigation:navigation-compose:2.7.7] AndroidManifest.xml:5:5-44
MERGED from [androidx.compose.material3:material3-android:1.4.0] AndroidManifest.xml:20:5-44
MERGED from [androidx.compose.material3:material3-android:1.4.0] AndroidManifest.xml:20:5-44
MERGED from [androidx.navigationevent:navigationevent-android:1.0.0] AndroidManifest.xml:5:5-44
MERGED from [androidx.navigationevent:navigationevent-android:1.0.0] AndroidManifest.xml:5:5-44
MERGED from [androidx.navigationevent:navigationevent-compose-android:1.0.0] AndroidManifest.xml:5:5-44
MERGED from [androidx.navigationevent:navigationevent-compose-android:1.0.0] AndroidManifest.xml:5:5-44
MERGED from [androidx.compose.material:material-icons-extended-android:1.7.0] AndroidManifest.xml:5:5-44
MERGED from [androidx.compose.material:material-icons-extended-android:1.7.0] AndroidManifest.xml:5:5-44
MERGED from [androidx.compose.material:material-ripple-android:1.8.1] AndroidManifest.xml:5:5-44
MERGED from [androidx.compose.material:material-ripple-android:1.8.1] AndroidManifest.xml:5:5-44
MERGED from [androidx.compose.ui:ui-tooling-data-android:1.9.2] AndroidManifest.xml:5:5-44
MERGED from [androidx.compose.ui:ui-tooling-data-android:1.9.2] AndroidManifest.xml:5:5-44
MERGED from [androidx.compose.ui:ui-tooling-preview-android:1.9.2] AndroidManifest.xml:20:5-44
MERGED from [androidx.compose.ui:ui-tooling-preview-android:1.9.2] AndroidManifest.xml:20:5-44
MERGED from [io.coil-kt:coil-compose:2.4.0] AndroidManifest.xml:5:5-44
MERGED from [io.coil-kt:coil-compose:2.4.0] AndroidManifest.xml:5:5-44
MERGED from [io.coil-kt:coil-compose-base:2.4.0] AndroidManifest.xml:5:5-44
MERGED from [io.coil-kt:coil-compose-base:2.4.0] AndroidManifest.xml:5:5-44
MERGED from [androidx.compose.foundation:foundation-android:1.9.2] AndroidManifest.xml:5:5-44
MERGED from [androidx.compose.foundation:foundation-android:1.9.2] AndroidManifest.xml:5:5-44
MERGED from [androidx.compose.foundation:foundation-layout-android:1.9.2] AndroidManifest.xml:5:5-44
MERGED from [androidx.compose.foundation:foundation-layout-android:1.9.2] AndroidManifest.xml:5:5-44
MERGED from [androidx.compose.animation:animation-core-android:1.9.2] AndroidManifest.xml:5:5-44
MERGED from [androidx.compose.animation:animation-core-android:1.9.2] AndroidManifest.xml:5:5-44
MERGED from [androidx.compose.animation:animation-android:1.9.2] AndroidManifest.xml:5:5-44
MERGED from [androidx.compose.animation:animation-android:1.9.2] AndroidManifest.xml:5:5-44
MERGED from [androidx.compose.ui:ui-geometry-android:1.9.2] AndroidManifest.xml:5:5-44
MERGED from [androidx.compose.ui:ui-geometry-android:1.9.2] AndroidManifest.xml:5:5-44
MERGED from [androidx.compose.ui:ui-util-android:1.9.2] AndroidManifest.xml:5:5-44
MERGED from [androidx.compose.ui:ui-util-android:1.9.2] AndroidManifest.xml:5:5-44
MERGED from [androidx.compose.ui:ui-unit-android:1.9.2] AndroidManifest.xml:5:5-44
MERGED from [androidx.compose.ui:ui-unit-android:1.9.2] AndroidManifest.xml:5:5-44
MERGED from [androidx.compose.ui:ui-text-android:1.9.2] AndroidManifest.xml:5:5-44
MERGED from [androidx.compose.ui:ui-text-android:1.9.2] AndroidManifest.xml:5:5-44
MERGED from [androidx.compose.ui:ui-graphics-android:1.9.2] AndroidManifest.xml:5:5-44
MERGED from [androidx.compose.ui:ui-graphics-android:1.9.2] AndroidManifest.xml:5:5-44
MERGED from [androidx.compose.ui:ui-test-manifest:1.9.2] AndroidManifest.xml:20:5-44
MERGED from [androidx.compose.ui:ui-test-manifest:1.9.2] AndroidManifest.xml:20:5-44
MERGED from [androidx.compose.ui:ui-tooling-android:1.9.2] AndroidManifest.xml:20:5-44
MERGED from [androidx.compose.ui:ui-tooling-android:1.9.2] AndroidManifest.xml:20:5-44
MERGED from [androidx.compose.material:material-android:1.7.0] AndroidManifest.xml:5:5-44
MERGED from [androidx.compose.material:material-android:1.7.0] AndroidManifest.xml:5:5-44
MERGED from [androidx.compose.material:material-icons-core-android:1.7.0] AndroidManifest.xml:5:5-44
MERGED from [androidx.compose.material:material-icons-core-android:1.7.0] AndroidManifest.xml:5:5-44
MERGED from [com.google.accompanist:accompanist-drawablepainter:0.30.1] AndroidManifest.xml:21:5-23:42
MERGED from [com.google.accompanist:accompanist-drawablepainter:0.30.1] AndroidManifest.xml:21:5-23:42
MERGED from [androidx.constraintlayout:constraintlayout:2.2.1] AndroidManifest.xml:5:5-44
MERGED from [androidx.constraintlayout:constraintlayout:2.2.1] AndroidManifest.xml:5:5-44
MERGED from [io.coil-kt:coil:2.4.0] AndroidManifest.xml:5:5-44
MERGED from [io.coil-kt:coil:2.4.0] AndroidManifest.xml:5:5-44
MERGED from [io.coil-kt:coil-base:2.4.0] AndroidManifest.xml:5:5-44
MERGED from [io.coil-kt:coil-base:2.4.0] AndroidManifest.xml:5:5-44
MERGED from [androidx.appcompat:appcompat:1.6.1] AndroidManifest.xml:20:5-44
MERGED from [androidx.appcompat:appcompat:1.6.1] AndroidManifest.xml:20:5-44
MERGED from [androidx.appcompat:appcompat-resources:1.6.1] AndroidManifest.xml:20:5-44
MERGED from [androidx.appcompat:appcompat-resources:1.6.1] AndroidManifest.xml:20:5-44
MERGED from [androidx.vectordrawable:vectordrawable-animated:1.1.0] AndroidManifest.xml:20:5-22:41
MERGED from [androidx.vectordrawable:vectordrawable-animated:1.1.0] AndroidManifest.xml:20:5-22:41
MERGED from [androidx.vectordrawable:vectordrawable:1.1.0] AndroidManifest.xml:20:5-22:41
MERGED from [androidx.vectordrawable:vectordrawable:1.1.0] AndroidManifest.xml:20:5-22:41
MERGED from [androidx.autofill:autofill:1.0.0] AndroidManifest.xml:20:5-22:41
MERGED from [androidx.autofill:autofill:1.0.0] AndroidManifest.xml:20:5-22:41
MERGED from [androidx.drawerlayout:drawerlayout:1.0.0] AndroidManifest.xml:20:5-44
MERGED from [androidx.drawerlayout:drawerlayout:1.0.0] AndroidManifest.xml:20:5-44
MERGED from [androidx.fragment:fragment:1.3.6] AndroidManifest.xml:20:5-22:41
MERGED from [androidx.fragment:fragment:1.3.6] AndroidManifest.xml:20:5-22:41
MERGED from [androidx.viewpager:viewpager:1.0.0] AndroidManifest.xml:20:5-44
MERGED from [androidx.viewpager:viewpager:1.0.0] AndroidManifest.xml:20:5-44
MERGED from [androidx.customview:customview:1.0.0] AndroidManifest.xml:20:5-44
MERGED from [androidx.customview:customview:1.0.0] AndroidManifest.xml:20:5-44
MERGED from [androidx.loader:loader:1.0.0] AndroidManifest.xml:20:5-44
MERGED from [androidx.loader:loader:1.0.0] AndroidManifest.xml:20:5-44
MERGED from [androidx.graphics:graphics-path:1.0.1] AndroidManifest.xml:5:5-44
MERGED from [androidx.graphics:graphics-path:1.0.1] AndroidManifest.xml:5:5-44
MERGED from [androidx.emoji2:emoji2-views-helper:1.4.0] AndroidManifest.xml:5:5-44
MERGED from [androidx.emoji2:emoji2-views-helper:1.4.0] AndroidManifest.xml:5:5-44
MERGED from [androidx.emoji2:emoji2:1.4.0] AndroidManifest.xml:21:5-44
MERGED from [androidx.emoji2:emoji2:1.4.0] AndroidManifest.xml:21:5-44
MERGED from [androidx.core:core:1.18.0] AndroidManifest.xml:20:5-44
MERGED from [androidx.core:core:1.18.0] AndroidManifest.xml:20:5-44
MERGED from [androidx.lifecycle:lifecycle-livedata-core-ktx:2.10.0] AndroidManifest.xml:5:5-44
MERGED from [androidx.lifecycle:lifecycle-livedata-core-ktx:2.10.0] AndroidManifest.xml:5:5-44
MERGED from [androidx.lifecycle:lifecycle-process:2.10.0] AndroidManifest.xml:21:5-44
MERGED from [androidx.lifecycle:lifecycle-process:2.10.0] AndroidManifest.xml:21:5-44
MERGED from [androidx.lifecycle:lifecycle-livedata:2.10.0] AndroidManifest.xml:20:5-44
MERGED from [androidx.lifecycle:lifecycle-livedata:2.10.0] AndroidManifest.xml:20:5-44
MERGED from [androidx.lifecycle:lifecycle-livedata-core:2.10.0] AndroidManifest.xml:20:5-44
MERGED from [androidx.lifecycle:lifecycle-livedata-core:2.10.0] AndroidManifest.xml:20:5-44
MERGED from [androidx.lifecycle:lifecycle-viewmodel-savedstate-android:2.10.0] AndroidManifest.xml:20:5-44
MERGED from [androidx.lifecycle:lifecycle-viewmodel-savedstate-android:2.10.0] AndroidManifest.xml:20:5-44
MERGED from [androidx.lifecycle:lifecycle-viewmodel:2.10.0] AndroidManifest.xml:4:5-43
MERGED from [androidx.lifecycle:lifecycle-viewmodel:2.10.0] AndroidManifest.xml:4:5-43
MERGED from [androidx.lifecycle:lifecycle-viewmodel-android:2.10.0] AndroidManifest.xml:20:5-44
MERGED from [androidx.lifecycle:lifecycle-viewmodel-android:2.10.0] AndroidManifest.xml:20:5-44
MERGED from [androidx.compose.runtime:runtime-annotation-android:1.9.2] AndroidManifest.xml:5:5-44
MERGED from [androidx.compose.runtime:runtime-annotation-android:1.9.2] AndroidManifest.xml:5:5-44
MERGED from [androidx.savedstate:savedstate-ktx:1.4.0] AndroidManifest.xml:5:5-44
MERGED from [androidx.savedstate:savedstate-ktx:1.4.0] AndroidManifest.xml:5:5-44
MERGED from [androidx.savedstate:savedstate-android:1.4.0] AndroidManifest.xml:20:5-44
MERGED from [androidx.savedstate:savedstate-android:1.4.0] AndroidManifest.xml:20:5-44
MERGED from [androidx.savedstate:savedstate-compose-android:1.4.0] AndroidManifest.xml:5:5-44
MERGED from [androidx.savedstate:savedstate-compose-android:1.4.0] AndroidManifest.xml:5:5-44
MERGED from [androidx.compose.runtime:runtime-android:1.9.2] AndroidManifest.xml:5:5-44
MERGED from [androidx.compose.runtime:runtime-android:1.9.2] AndroidManifest.xml:5:5-44
MERGED from [androidx.compose.runtime:runtime-saveable-android:1.9.2] AndroidManifest.xml:5:5-44
MERGED from [androidx.compose.runtime:runtime-saveable-android:1.9.2] AndroidManifest.xml:5:5-44
MERGED from [androidx.lifecycle:lifecycle-runtime-compose-android:2.10.0] AndroidManifest.xml:5:5-44
MERGED from [androidx.lifecycle:lifecycle-runtime-compose-android:2.10.0] AndroidManifest.xml:5:5-44
MERGED from [androidx.lifecycle:lifecycle-runtime-android:2.10.0] AndroidManifest.xml:20:5-44
MERGED from [androidx.lifecycle:lifecycle-runtime-android:2.10.0] AndroidManifest.xml:20:5-44
MERGED from [androidx.lifecycle:lifecycle-viewmodel-ktx:2.10.0] AndroidManifest.xml:5:5-44
MERGED from [androidx.lifecycle:lifecycle-viewmodel-ktx:2.10.0] AndroidManifest.xml:5:5-44
MERGED from [androidx.lifecycle:lifecycle-runtime-ktx-android:2.10.0] AndroidManifest.xml:5:5-44
MERGED from [androidx.lifecycle:lifecycle-runtime-ktx-android:2.10.0] AndroidManifest.xml:5:5-44
MERGED from [androidx.lifecycle:lifecycle-viewmodel-compose-android:2.10.0] AndroidManifest.xml:5:5-44
MERGED from [androidx.lifecycle:lifecycle-viewmodel-compose-android:2.10.0] AndroidManifest.xml:5:5-44
MERGED from [androidx.compose.ui:ui-android:1.9.2] AndroidManifest.xml:5:5-44
MERGED from [androidx.compose.ui:ui-android:1.9.2] AndroidManifest.xml:5:5-44
MERGED from [androidx.activity:activity-ktx:1.13.0] AndroidManifest.xml:5:5-44
MERGED from [androidx.activity:activity-ktx:1.13.0] AndroidManifest.xml:5:5-44
MERGED from [androidx.activity:activity:1.13.0] AndroidManifest.xml:20:5-44
MERGED from [androidx.activity:activity:1.13.0] AndroidManifest.xml:20:5-44
MERGED from [androidx.activity:activity-compose:1.13.0] AndroidManifest.xml:5:5-44
MERGED from [androidx.activity:activity-compose:1.13.0] AndroidManifest.xml:5:5-44
MERGED from [androidx.customview:customview-poolingcontainer:1.0.0] AndroidManifest.xml:20:5-21:38
MERGED from [androidx.customview:customview-poolingcontainer:1.0.0] AndroidManifest.xml:20:5-21:38
MERGED from [androidx.core:core-ktx:1.18.0] AndroidManifest.xml:5:5-44
MERGED from [androidx.core:core-ktx:1.18.0] AndroidManifest.xml:5:5-44
MERGED from [androidx.annotation:annotation-experimental:1.4.1] AndroidManifest.xml:5:5-44
MERGED from [androidx.annotation:annotation-experimental:1.4.1] AndroidManifest.xml:5:5-44
MERGED from [androidx.core:core-viewtree:1.0.0] AndroidManifest.xml:5:5-44
MERGED from [androidx.core:core-viewtree:1.0.0] AndroidManifest.xml:5:5-44
MERGED from [androidx.profileinstaller:profileinstaller:1.4.0] AndroidManifest.xml:21:5-44
MERGED from [androidx.profileinstaller:profileinstaller:1.4.0] AndroidManifest.xml:21:5-44
MERGED from [androidx.interpolator:interpolator:1.0.0] AndroidManifest.xml:20:5-44
MERGED from [androidx.interpolator:interpolator:1.0.0] AndroidManifest.xml:20:5-44
MERGED from [androidx.startup:startup-runtime:1.1.1] AndroidManifest.xml:21:5-23:41
MERGED from [androidx.startup:startup-runtime:1.1.1] AndroidManifest.xml:21:5-23:41
MERGED from [androidx.tracing:tracing:1.2.0] AndroidManifest.xml:20:5-44
MERGED from [androidx.tracing:tracing:1.2.0] AndroidManifest.xml:20:5-44
MERGED from [androidx.versionedparcelable:versionedparcelable:1.1.1] AndroidManifest.xml:20:5-22:41
MERGED from [androidx.versionedparcelable:versionedparcelable:1.1.1] AndroidManifest.xml:20:5-22:41
MERGED from [androidx.exifinterface:exifinterface:1.3.6] AndroidManifest.xml:20:5-22:41
MERGED from [androidx.exifinterface:exifinterface:1.3.6] AndroidManifest.xml:20:5-22:41
MERGED from [androidx.arch.core:core-runtime:2.2.0] AndroidManifest.xml:20:5-44
MERGED from [androidx.arch.core:core-runtime:2.2.0] AndroidManifest.xml:20:5-44
MERGED from [androidx.cursoradapter:cursoradapter:1.0.0] AndroidManifest.xml:20:5-44
MERGED from [androidx.cursoradapter:cursoradapter:1.0.0] AndroidManifest.xml:20:5-44
	android:targetSdkVersion
		INJECTED from src\main\AndroidManifest.xml
	tools:ignore
		ADDED from [com.google.accompanist:accompanist-drawablepainter:0.30.1] AndroidManifest.xml:23:9-39
	android:minSdkVersion
		INJECTED from src\main\AndroidManifest.xml
activity#androidx.activity.ComponentActivity
ADDED from [androidx.compose.ui:ui-test-manifest:1.9.2] AndroidManifest.xml:23:9-26:79
	android:exported
		ADDED from [androidx.compose.ui:ui-test-manifest:1.9.2] AndroidManifest.xml:25:13-36
	android:theme
		ADDED from [androidx.compose.ui:ui-test-manifest:1.9.2] AndroidManifest.xml:26:13-76
	android:name
		ADDED from [androidx.compose.ui:ui-test-manifest:1.9.2] AndroidManifest.xml:24:13-63
activity#androidx.compose.ui.tooling.PreviewActivity
ADDED from [androidx.compose.ui:ui-tooling-android:1.9.2] AndroidManifest.xml:23:9-25:39
	android:exported
		ADDED from [androidx.compose.ui:ui-tooling-android:1.9.2] AndroidManifest.xml:25:13-36
	android:name
		ADDED from [androidx.compose.ui:ui-tooling-android:1.9.2] AndroidManifest.xml:24:13-71
provider#androidx.startup.InitializationProvider
ADDED from [androidx.emoji2:emoji2:1.4.0] AndroidManifest.xml:24:9-32:20
MERGED from [androidx.lifecycle:lifecycle-process:2.10.0] AndroidManifest.xml:24:9-32:20
MERGED from [androidx.lifecycle:lifecycle-process:2.10.0] AndroidManifest.xml:24:9-32:20
MERGED from [androidx.profileinstaller:profileinstaller:1.4.0] AndroidManifest.xml:24:9-32:20
MERGED from [androidx.profileinstaller:profileinstaller:1.4.0] AndroidManifest.xml:24:9-32:20
MERGED from [androidx.startup:startup-runtime:1.1.1] AndroidManifest.xml:26:9-30:34
MERGED from [androidx.startup:startup-runtime:1.1.1] AndroidManifest.xml:26:9-30:34
	tools:node
		ADDED from [androidx.emoji2:emoji2:1.4.0] AndroidManifest.xml:28:13-31
	android:authorities
		ADDED from [androidx.emoji2:emoji2:1.4.0] AndroidManifest.xml:26:13-68
	android:exported
		ADDED from [androidx.emoji2:emoji2:1.4.0] AndroidManifest.xml:27:13-37
	android:name
		ADDED from [androidx.emoji2:emoji2:1.4.0] AndroidManifest.xml:25:13-67
meta-data#androidx.emoji2.text.EmojiCompatInitializer
ADDED from [androidx.emoji2:emoji2:1.4.0] AndroidManifest.xml:29:13-31:52
	android:value
		ADDED from [androidx.emoji2:emoji2:1.4.0] AndroidManifest.xml:31:17-49
	android:name
		ADDED from [androidx.emoji2:emoji2:1.4.0] AndroidManifest.xml:30:17-75
permission#${applicationId}.DYNAMIC_RECEIVER_NOT_EXPORTED_PERMISSION
ADDED from [androidx.core:core:1.18.0] AndroidManifest.xml:22:5-24:47
	android:protectionLevel
		ADDED from [androidx.core:core:1.18.0] AndroidManifest.xml:24:9-44
	android:name
		ADDED from [androidx.core:core:1.18.0] AndroidManifest.xml:23:9-81
permission#com.thinh.aistudybuddy.DYNAMIC_RECEIVER_NOT_EXPORTED_PERMISSION
ADDED from [androidx.core:core:1.18.0] AndroidManifest.xml:22:5-24:47
	android:protectionLevel
		ADDED from [androidx.core:core:1.18.0] AndroidManifest.xml:24:9-44
	android:name
		ADDED from [androidx.core:core:1.18.0] AndroidManifest.xml:23:9-81
uses-permission#${applicationId}.DYNAMIC_RECEIVER_NOT_EXPORTED_PERMISSION
ADDED from [androidx.core:core:1.18.0] AndroidManifest.xml:26:5-97
	android:name
		ADDED from [androidx.core:core:1.18.0] AndroidManifest.xml:26:22-94
uses-permission#com.thinh.aistudybuddy.DYNAMIC_RECEIVER_NOT_EXPORTED_PERMISSION
ADDED from [androidx.core:core:1.18.0] AndroidManifest.xml:26:5-97
	android:name
		ADDED from [androidx.core:core:1.18.0] AndroidManifest.xml:26:22-94
meta-data#androidx.lifecycle.ProcessLifecycleInitializer
ADDED from [androidx.lifecycle:lifecycle-process:2.10.0] AndroidManifest.xml:29:13-31:52
	android:value
		ADDED from [androidx.lifecycle:lifecycle-process:2.10.0] AndroidManifest.xml:31:17-49
	android:name
		ADDED from [androidx.lifecycle:lifecycle-process:2.10.0] AndroidManifest.xml:30:17-78
meta-data#androidx.profileinstaller.ProfileInstallerInitializer
ADDED from [androidx.profileinstaller:profileinstaller:1.4.0] AndroidManifest.xml:29:13-31:52
	android:value
		ADDED from [androidx.profileinstaller:profileinstaller:1.4.0] AndroidManifest.xml:31:17-49
	android:name
		ADDED from [androidx.profileinstaller:profileinstaller:1.4.0] AndroidManifest.xml:30:17-85
receiver#androidx.profileinstaller.ProfileInstallReceiver
ADDED from [androidx.profileinstaller:profileinstaller:1.4.0] AndroidManifest.xml:34:9-52:20
	android:enabled
		ADDED from [androidx.profileinstaller:profileinstaller:1.4.0] AndroidManifest.xml:37:13-35
	android:exported
		ADDED from [androidx.profileinstaller:profileinstaller:1.4.0] AndroidManifest.xml:38:13-36
	android:permission
		ADDED from [androidx.profileinstaller:profileinstaller:1.4.0] AndroidManifest.xml:39:13-57
	android:directBootAware
		ADDED from [androidx.profileinstaller:profileinstaller:1.4.0] AndroidManifest.xml:36:13-44
	android:name
		ADDED from [androidx.profileinstaller:profileinstaller:1.4.0] AndroidManifest.xml:35:13-76